<?xml version="1.0" encoding="UTF-8"?>
<testng-results skipped="0" failed="0" ignored="0" total="2" passed="2">
  <reporter-output>
  </reporter-output>
  <suite name="Default suite" duration-ms="36148" started-at="2020-09-15T19:45:10Z" finished-at="2020-09-15T19:45:46Z">
    <groups>
    </groups>
    <test name="Default test" duration-ms="36148" started-at="2020-09-15T19:45:10Z" finished-at="2020-09-15T19:45:46Z">
      <class name="regression_testing.SB_001">
        <test-method status="PASS" signature="Launch_Browser()[pri:0, instance:regression_testing.SB_001@1b604f19]" name="Launch_Browser" is-config="true" duration-ms="12843" started-at="2020-09-15T15:45:10Z" finished-at="2020-09-15T15:45:23Z">
          <reporter-output>
          </reporter-output>
        </test-method> <!-- Launch_Browser -->
        <test-method status="PASS" signature="valid_login()[pri:0, instance:regression_testing.SB_001@1b604f19]" name="valid_login" duration-ms="9106" started-at="2020-09-15T15:45:23Z" finished-at="2020-09-15T15:45:32Z">
          <reporter-output>
          </reporter-output>
        </test-method> <!-- valid_login -->
        <test-method status="PASS" signature="Update_profile()[pri:1, instance:regression_testing.SB_001@1b604f19]" name="Update_profile" duration-ms="13054" started-at="2020-09-15T15:45:32Z" finished-at="2020-09-15T15:45:45Z">
          <reporter-output>
          </reporter-output>
        </test-method> <!-- Update_profile -->
        <test-method status="PASS" signature="QuitBrowser()[pri:0, instance:regression_testing.SB_001@1b604f19]" name="QuitBrowser" is-config="true" duration-ms="1086" started-at="2020-09-15T15:45:45Z" finished-at="2020-09-15T15:45:46Z">
          <reporter-output>
          </reporter-output>
        </test-method> <!-- QuitBrowser -->
      </class> <!-- regression_testing.SB_001 -->
    </test> <!-- Default test -->
  </suite> <!-- Default suite -->
</testng-results>
